<?xml version="1.0" encoding="UTF-8"?>
<testsuite xmlns:xsi="http://www.w3.org/2001/XMLSchema-instance" xsi:noNamespaceSchemaLocation="https://maven.apache.org/surefire/maven-surefire-plugin/xsd/surefire-test-report.xsd" version="3.0.2" name="com.poly.manager.util.UtilityTest" time="2.171" tests="3" errors="0" skipped="0" failures="0">
  <properties>
[...]
</properties>
  <testcase name="passwordCanBeHashedAndVerified" classname="com.poly.manager.util.UtilityTest" time="1.727"/>
  <testcase name="inviteCodeHasExpectedFormat" classname="com.poly.manager.util.UtilityTest" time="0.0"/>
  <testcase name="seededAdminPasswordIsCorrect" classname="com.poly.manager.util.UtilityTest" time="0.396"/>
</testsuite>